[debug] [2017-06-25T11:25:47.057Z] ----------------------------------------------------------------------
[debug] [2017-06-25T11:25:47.060Z] Command:      /usr/local/bin/node /usr/local/bin/firebase deploy
[debug] [2017-06-25T11:25:47.060Z] CLI Version:  3.9.1
[debug] [2017-06-25T11:25:47.060Z] Platform:     darwin
[debug] [2017-06-25T11:25:47.060Z] Node Version: v6.10.0
[debug] [2017-06-25T11:25:47.061Z] Time:         Sun Jun 25 2017 18:25:47 GMT+0700 (+07)
[debug] [2017-06-25T11:25:47.061Z] ----------------------------------------------------------------------
[debug] 
[debug] [2017-06-25T11:25:47.072Z] > command requires scopes: ["email","openid","https://www.googleapis.com/auth/cloudplatformprojects.readonly","https://www.googleapis.com/auth/firebase","https://www.googleapis.com/auth/cloud-platform"]
[debug] [2017-06-25T11:25:47.072Z] > authorizing via signed-in user
[debug] [2017-06-25T11:25:47.074Z] >>> HTTP REQUEST GET https://admin.firebase.com/v1/projects/pwa-ninediy  
 Sun Jun 25 2017 18:25:47 GMT+0700 (+07)
[debug] [2017-06-25T11:25:48.802Z] <<< HTTP RESPONSE 200
[debug] [2017-06-25T11:25:48.804Z] >>> HTTP REQUEST GET https://admin.firebase.com/v1/database/pwa-ninediy/tokens  
 Sun Jun 25 2017 18:25:48 GMT+0700 (+07)
[debug] [2017-06-25T11:25:50.007Z] <<< HTTP RESPONSE 200
[info] 
[info] === Deploying to 'pwa-ninediy'...
[info] 
[info] i  deploying hosting
[info] i  hosting: preparing dist/ directory for upload...
[debug] [2017-06-25T11:25:53.342Z] >>> HTTP REQUEST PUT https://deploy.firebase.com/v1/hosting/pwa-ninediy/uploads/-KnU-34dr5Os-H9vmGzs?fileCount=22&message=  
 Sun Jun 25 2017 18:25:53 GMT+0700 (+07)
